■■■■■■■■■■■■■■■■■■■■■■■■■■■■■■■■■■■■■■■■■■■■■■■■■■■■■■■■■■■■■■■■■■■■■■■■■■■■■■■■■■■■■■■■■■■■■■■■■■■■■■■■■■■■■■■■■■■■■■■■

http://www.lyfingenieria.com
Diseño e integracion de tecnolgias electronicas y de computo.
e-mail: benny@lopez-fernandez.com
CONTACTO:
Ofc: 6622603825
Cel: 6623000946
■■■■■■■■■■■■■■■■■■■■■■■■■■■■■■■■■■■■■■■■■■■■■■■■■■■■■■■■■■■■■■■■■■■■■■■■■■■■■■■■■■■■■■■■■■■■■■■■■■■■■■■■■■■■■■■■■■■■■■■■
[23:29:53.8303-07:00] [DOCUMENT-ACCEPTED] Value : [500] - Type : [Bill] - Count : [100].
[23:29:56.3852-07:00] [DOCUMENT-ACCEPTED] Value : [500] - Type : [Bill] - Count : [100].
[23:29:59.1296-07:00] [DOCUMENT-ACCEPTED] Value : [500] - Type : [Bill] - Count : [100].
■■■■■■■■■■■■■■■■■■■■■■■■■■■■■■■■■■■■■■■■■■■■■■■■■■■■■■■■■■■■■■■■■■■■■■■■■■■■■■■■■■■■■■■■■■■■■■■■■■■■■■■■■■■■■■■■■■■■■■■■

http://www.lyfingenieria.com
Diseño e integracion de tecnolgias electronicas y de computo.
e-mail: benny@lopez-fernandez.com
CONTACTO:
Ofc: 6622603825
Cel: 6623000946
■■■■■■■■■■■■■■■■■■■■■■■■■■■■■■■■■■■■■■■■■■■■■■■■■■■■■■■■■■■■■■■■■■■■■■■■■■■■■■■■■■■■■■■■■■■■■■■■■■■■■■■■■■■■■■■■■■■■■■■■
[23:36:57.8663-07:00] [OPEN] 
[23:37:00.4033-07:00] [DOCUMENT-ACCEPTED] Value : [500] - Type : [Bill] - Count : [100].
[23:37:00.4293-07:00] [ENABLE] 
[23:37:00.4543-07:00] [STATUS-CHANGED] Enabled
[23:37:02.2659-07:00] [DOCUMENT-ACCEPTED] Value : [500] - Type : [Bill] - Count : [100].
[23:37:02.2838-07:00] [ENABLE] 
[23:37:03.8975-07:00] [DOCUMENT-ACCEPTED] Value : [500] - Type : [Bill] - Count : [100].
[23:37:03.9254-07:00] [ENABLE] 
[23:37:05.1865-07:00] [DOCUMENT-ACCEPTED] Value : [500] - Type : [Bill] - Count : [100].
[23:37:05.2065-07:00] [ENABLE] 
[23:37:07.2652-07:00] [DOCUMENT-ACCEPTED] Value : [500] - Type : [Bill] - Count : [100].
[23:37:07.2812-07:00] [ENABLE] 
[23:37:10.8254-07:00] [DOCUMENT-ACCEPTED] Value : [500] - Type : [Bill] - Count : [100].
[23:37:10.8424-07:00] [ENABLE] 
[23:37:12.8572-07:00] [DOCUMENT-ACCEPTED] Value : [500] - Type : [Bill] - Count : [100].
[23:37:12.8712-07:00] [ENABLE] 
[23:37:14.2574-07:00] [DOCUMENT-ACCEPTED] Value : [500] - Type : [Bill] - Count : [100].
[23:37:14.2804-07:00] [ENABLE] 
[23:37:15.5847-07:00] [DOCUMENT-ACCEPTED] Value : [500] - Type : [Bill] - Count : [100].
[23:37:15.6037-07:00] [ENABLE] 
■■■■■■■■■■■■■■■■■■■■■■■■■■■■■■■■■■■■■■■■■■■■■■■■■■■■■■■■■■■■■■■■■■■■■■■■■■■■■■■■■■■■■■■■■■■■■■■■■■■■■■■■■■■■■■■■■■■■■■■■

http://www.lyfingenieria.com
Diseño e integracion de tecnolgias electronicas y de computo.
e-mail: benny@lopez-fernandez.com
CONTACTO:
Ofc: 6622603825
Cel: 6623000946
■■■■■■■■■■■■■■■■■■■■■■■■■■■■■■■■■■■■■■■■■■■■■■■■■■■■■■■■■■■■■■■■■■■■■■■■■■■■■■■■■■■■■■■■■■■■■■■■■■■■■■■■■■■■■■■■■■■■■■■■
[23:38:08.2916-07:00] [OPEN] 
[23:38:09.8583-07:00] [ENABLE] 
[23:38:09.8893-07:00] [STATUS-CHANGED] Enabled
[23:38:09.9123-07:00] [DOCUMENT-ACCEPTED] Value : [500] - Type : [Bill] - Count : [100].
[23:38:11.7535-07:00] [ENABLE] 
[23:38:11.7735-07:00] [DOCUMENT-ACCEPTED] Value : [500] - Type : [Bill] - Count : [100].
[23:38:14.5859-07:00] [ENABLE] 
[23:38:14.6069-07:00] [DOCUMENT-ACCEPTED] Value : [500] - Type : [Bill] - Count : [100].
[23:38:14.8979-07:00] [ENABLE] 
[23:38:14.9099-07:00] [DOCUMENT-ACCEPTED] Value : [500] - Type : [Bill] - Count : [100].
[23:38:15.1340-07:00] [ENABLE] 
[23:38:15.1460-07:00] [DOCUMENT-ACCEPTED] Value : [500] - Type : [Bill] - Count : [100].
[23:38:15.3225-07:00] [ENABLE] 
[23:38:15.3354-07:00] [DOCUMENT-ACCEPTED] Value : [500] - Type : [Bill] - Count : [100].
[23:38:15.5213-07:00] [ENABLE] 
[23:38:15.5343-07:00] [DOCUMENT-ACCEPTED] Value : [500] - Type : [Bill] - Count : [100].
[23:38:15.8517-07:00] [ENABLE] 
[23:38:15.8757-07:00] [DOCUMENT-ACCEPTED] Value : [500] - Type : [Bill] - Count : [100].
[23:38:16.2974-07:00] [ENABLE] 
[23:38:16.3174-07:00] [DOCUMENT-ACCEPTED] Value : [500] - Type : [Bill] - Count : [100].
[23:38:16.6282-07:00] [ENABLE] 
[23:38:16.6492-07:00] [DOCUMENT-ACCEPTED] Value : [500] - Type : [Bill] - Count : [100].
[23:38:16.9441-07:00] [ENABLE] 
[23:38:16.9641-07:00] [DOCUMENT-ACCEPTED] Value : [500] - Type : [Bill] - Count : [100].
[23:38:17.2379-07:00] [ENABLE] 
[23:38:17.2569-07:00] [DOCUMENT-ACCEPTED] Value : [500] - Type : [Bill] - Count : [100].
[23:38:17.5777-07:00] [ENABLE] 
[23:38:17.5917-07:00] [DOCUMENT-ACCEPTED] Value : [500] - Type : [Bill] - Count : [100].
■■■■■■■■■■■■■■■■■■■■■■■■■■■■■■■■■■■■■■■■■■■■■■■■■■■■■■■■■■■■■■■■■■■■■■■■■■■■■■■■■■■■■■■■■■■■■■■■■■■■■■■■■■■■■■■■■■■■■■■■

http://www.lyfingenieria.com
Diseño e integracion de tecnolgias electronicas y de computo.
e-mail: benny@lopez-fernandez.com
CONTACTO:
Ofc: 6622603825
Cel: 6623000946
■■■■■■■■■■■■■■■■■■■■■■■■■■■■■■■■■■■■■■■■■■■■■■■■■■■■■■■■■■■■■■■■■■■■■■■■■■■■■■■■■■■■■■■■■■■■■■■■■■■■■■■■■■■■■■■■■■■■■■■■
[23:46:29.6168-07:00] [OPEN] 
■■■■■■■■■■■■■■■■■■■■■■■■■■■■■■■■■■■■■■■■■■■■■■■■■■■■■■■■■■■■■■■■■■■■■■■■■■■■■■■■■■■■■■■■■■■■■■■■■■■■■■■■■■■■■■■■■■■■■■■■

http://www.lyfingenieria.com
Diseño e integracion de tecnolgias electronicas y de computo.
e-mail: benny@lopez-fernandez.com
CONTACTO:
Ofc: 6622603825
Cel: 6623000946
■■■■■■■■■■■■■■■■■■■■■■■■■■■■■■■■■■■■■■■■■■■■■■■■■■■■■■■■■■■■■■■■■■■■■■■■■■■■■■■■■■■■■■■■■■■■■■■■■■■■■■■■■■■■■■■■■■■■■■■■
[23:46:54.9126-07:00] [OPEN] 
■■■■■■■■■■■■■■■■■■■■■■■■■■■■■■■■■■■■■■■■■■■■■■■■■■■■■■■■■■■■■■■■■■■■■■■■■■■■■■■■■■■■■■■■■■■■■■■■■■■■■■■■■■■■■■■■■■■■■■■■

http://www.lyfingenieria.com
Diseño e integracion de tecnolgias electronicas y de computo.
e-mail: benny@lopez-fernandez.com
CONTACTO:
Ofc: 6622603825
Cel: 6623000946
■■■■■■■■■■■■■■■■■■■■■■■■■■■■■■■■■■■■■■■■■■■■■■■■■■■■■■■■■■■■■■■■■■■■■■■■■■■■■■■■■■■■■■■■■■■■■■■■■■■■■■■■■■■■■■■■■■■■■■■■
[23:48:53.4862-07:00] [OPEN] 
■■■■■■■■■■■■■■■■■■■■■■■■■■■■■■■■■■■■■■■■■■■■■■■■■■■■■■■■■■■■■■■■■■■■■■■■■■■■■■■■■■■■■■■■■■■■■■■■■■■■■■■■■■■■■■■■■■■■■■■■

http://www.lyfingenieria.com
Diseño e integracion de tecnolgias electronicas y de computo.
e-mail: benny@lopez-fernandez.com
CONTACTO:
Ofc: 6622603825
Cel: 6623000946
■■■■■■■■■■■■■■■■■■■■■■■■■■■■■■■■■■■■■■■■■■■■■■■■■■■■■■■■■■■■■■■■■■■■■■■■■■■■■■■■■■■■■■■■■■■■■■■■■■■■■■■■■■■■■■■■■■■■■■■■
[23:49:22.9731-07:00] [OPEN] 
