■■■■■■■■■■■■■■■■■■■■■■■■■■■■■■■■■■■■■■■■■■■■■■■■■■■■■■■■■■■■■■■■■■■■■■■■■■■■■■■■■■■■■■■■■■■■■■■■■■■■■■■■■■■■■■■■■■■■■■■■

http://www.lyfingenieria.com
Diseño e integracion de tecnolgias electronicas y de computo.
e-mail: benny@lopez-fernandez.com
CONTACTO:
Ofc: 6622603825
Cel: 6623000946
■■■■■■■■■■■■■■■■■■■■■■■■■■■■■■■■■■■■■■■■■■■■■■■■■■■■■■■■■■■■■■■■■■■■■■■■■■■■■■■■■■■■■■■■■■■■■■■■■■■■■■■■■■■■■■■■■■■■■■■■
[00:10:39.2330-07:00] [OPEN] 
[00:10:42.3227-07:00] [ENABLE] 
[00:10:42.3407-07:00] [STATUS-CHANGED] Enabled
[00:10:42.3617-07:00] [DOCUMENT-ACCEPTED] Value : [500] - Type : [Bill] - Count : [100].
[00:10:43.4831-07:00] [ENABLE] 
[00:10:43.5001-07:00] [DOCUMENT-ACCEPTED] Value : [500] - Type : [Bill] - Count : [100].
[00:10:44.1147-07:00] [ENABLE] 
[00:10:44.1387-07:00] [DOCUMENT-ACCEPTED] Value : [500] - Type : [Bill] - Count : [100].
[00:10:44.6823-07:00] [ENABLE] 
[00:10:44.6963-07:00] [DOCUMENT-ACCEPTED] Value : [500] - Type : [Bill] - Count : [100].
[00:10:44.9293-07:00] [ENABLE] 
[00:10:44.9563-07:00] [DOCUMENT-ACCEPTED] Value : [500] - Type : [Bill] - Count : [100].
[00:10:45.1381-07:00] [ENABLE] 
[00:10:45.1631-07:00] [DOCUMENT-ACCEPTED] Value : [500] - Type : [Bill] - Count : [100].
[00:10:45.3220-07:00] [ENABLE] 
[00:10:45.3440-07:00] [DOCUMENT-ACCEPTED] Value : [500] - Type : [Bill] - Count : [100].
[00:10:45.5059-07:00] [ENABLE] 
[00:10:45.5679-07:00] [DOCUMENT-ACCEPTED] Value : [500] - Type : [Bill] - Count : [100].
[00:10:45.6498-07:00] [ENABLE] 
[00:10:45.6678-07:00] [DOCUMENT-ACCEPTED] Value : [500] - Type : [Bill] - Count : [100].
■■■■■■■■■■■■■■■■■■■■■■■■■■■■■■■■■■■■■■■■■■■■■■■■■■■■■■■■■■■■■■■■■■■■■■■■■■■■■■■■■■■■■■■■■■■■■■■■■■■■■■■■■■■■■■■■■■■■■■■■

http://www.lyfingenieria.com
Diseño e integracion de tecnolgias electronicas y de computo.
e-mail: benny@lopez-fernandez.com
CONTACTO:
Ofc: 6622603825
Cel: 6623000946
■■■■■■■■■■■■■■■■■■■■■■■■■■■■■■■■■■■■■■■■■■■■■■■■■■■■■■■■■■■■■■■■■■■■■■■■■■■■■■■■■■■■■■■■■■■■■■■■■■■■■■■■■■■■■■■■■■■■■■■■
[00:11:27.5447-07:00] [OPEN] 
[00:11:28.9701-07:00] [ENABLE] 
[00:11:28.9951-07:00] [STATUS-CHANGED] Enabled
[00:11:29.0221-07:00] [DOCUMENT-ACCEPTED] Value : [500] - Type : [Bill] - Count : [100].
[00:11:29.7537-07:00] [ENABLE] 
[00:11:29.7947-07:00] [DOCUMENT-ACCEPTED] Value : [500] - Type : [Bill] - Count : [100].
[00:11:29.9786-07:00] [ENABLE] 
[00:11:30.0165-07:00] [DOCUMENT-ACCEPTED] Value : [500] - Type : [Bill] - Count : [100].
[00:11:30.1694-07:00] [ENABLE] 
[00:11:30.1984-07:00] [DOCUMENT-ACCEPTED] Value : [500] - Type : [Bill] - Count : [100].
[00:11:30.4823-07:00] [ENABLE] 
[00:11:30.5193-07:00] [DOCUMENT-ACCEPTED] Value : [500] - Type : [Bill] - Count : [100].
[00:11:30.8171-07:00] [ENABLE] 
[00:11:30.9530-07:00] [DOCUMENT-ACCEPTED] Value : [500] - Type : [Bill] - Count : [100].
[00:11:30.9950-07:00] [ENABLE] 
[00:11:31.0520-07:00] [DOCUMENT-ACCEPTED] Value : [500] - Type : [Bill] - Count : [100].
[00:11:31.1699-07:00] [ENABLE] 
[00:11:31.1979-07:00] [DOCUMENT-ACCEPTED] Value : [500] - Type : [Bill] - Count : [100].
[00:11:31.3453-07:00] [ENABLE] 
[00:11:31.3773-07:00] [DOCUMENT-ACCEPTED] Value : [500] - Type : [Bill] - Count : [100].
[00:11:31.5221-07:00] [ENABLE] 
[00:11:31.5751-07:00] [DOCUMENT-ACCEPTED] Value : [500] - Type : [Bill] - Count : [100].
[00:11:32.1777-07:00] [ENABLE] 
[00:11:32.2107-07:00] [DOCUMENT-ACCEPTED] Value : [500] - Type : [Bill] - Count : [100].
[00:11:32.3536-07:00] [ENABLE] 
[00:11:32.3901-07:00] [DOCUMENT-ACCEPTED] Value : [500] - Type : [Bill] - Count : [100].
■■■■■■■■■■■■■■■■■■■■■■■■■■■■■■■■■■■■■■■■■■■■■■■■■■■■■■■■■■■■■■■■■■■■■■■■■■■■■■■■■■■■■■■■■■■■■■■■■■■■■■■■■■■■■■■■■■■■■■■■

http://www.lyfingenieria.com
Diseño e integracion de tecnolgias electronicas y de computo.
e-mail: benny@lopez-fernandez.com
CONTACTO:
Ofc: 6622603825
Cel: 6623000946
■■■■■■■■■■■■■■■■■■■■■■■■■■■■■■■■■■■■■■■■■■■■■■■■■■■■■■■■■■■■■■■■■■■■■■■■■■■■■■■■■■■■■■■■■■■■■■■■■■■■■■■■■■■■■■■■■■■■■■■■
[00:23:04.2438-07:00] [OPEN] 
[00:23:12.7229-07:00] [ENABLE] 
[00:23:12.7409-07:00] [STATUS-CHANGED] Enabled
[00:23:12.7589-07:00] [DOCUMENT-ACCEPTED] Value : [500] - Type : [Bill] - Count : [100].
[00:23:15.0096-07:00] [DISPENSE] Dispensed: XDR0.00, Requested: XDR376.55, Remaing: XDR376.55
■■■■■■■■■■■■■■■■■■■■■■■■■■■■■■■■■■■■■■■■■■■■■■■■■■■■■■■■■■■■■■■■■■■■■■■■■■■■■■■■■■■■■■■■■■■■■■■■■■■■■■■■■■■■■■■■■■■■■■■■

http://www.lyfingenieria.com
Diseño e integracion de tecnolgias electronicas y de computo.
e-mail: benny@lopez-fernandez.com
CONTACTO:
Ofc: 6622603825
Cel: 6623000946
■■■■■■■■■■■■■■■■■■■■■■■■■■■■■■■■■■■■■■■■■■■■■■■■■■■■■■■■■■■■■■■■■■■■■■■■■■■■■■■■■■■■■■■■■■■■■■■■■■■■■■■■■■■■■■■■■■■■■■■■
[00:29:45.0286-07:00] [OPEN] 
[00:29:47.4982-07:00] [ENABLE] 
[00:29:47.5152-07:00] [STATUS-CHANGED] Enabled
[00:29:47.5322-07:00] [DOCUMENT-ACCEPTED] Value : [500] - Type : [Bill] - Count : [100].
[00:29:50.9303-07:00] [DISPENSE] Dispensed: XDR0.00, Requested: XDR76.55, Remaing: XDR76.55
■■■■■■■■■■■■■■■■■■■■■■■■■■■■■■■■■■■■■■■■■■■■■■■■■■■■■■■■■■■■■■■■■■■■■■■■■■■■■■■■■■■■■■■■■■■■■■■■■■■■■■■■■■■■■■■■■■■■■■■■

http://www.lyfingenieria.com
Diseño e integracion de tecnolgias electronicas y de computo.
e-mail: benny@lopez-fernandez.com
CONTACTO:
Ofc: 6622603825
Cel: 6623000946
■■■■■■■■■■■■■■■■■■■■■■■■■■■■■■■■■■■■■■■■■■■■■■■■■■■■■■■■■■■■■■■■■■■■■■■■■■■■■■■■■■■■■■■■■■■■■■■■■■■■■■■■■■■■■■■■■■■■■■■■
[00:30:43.3052-07:00] [OPEN] 
[00:30:46.7543-07:00] [ENABLE] 
[00:30:46.7743-07:00] [STATUS-CHANGED] Enabled
[00:30:46.7973-07:00] [DOCUMENT-ACCEPTED] Value : [10] - Type : [Coin] - Count : [100].
[00:30:49.3179-07:00] [DISPENSE] Dispensed: XDR0.00, Requested: XDR9.55, Remaing: XDR9.55
■■■■■■■■■■■■■■■■■■■■■■■■■■■■■■■■■■■■■■■■■■■■■■■■■■■■■■■■■■■■■■■■■■■■■■■■■■■■■■■■■■■■■■■■■■■■■■■■■■■■■■■■■■■■■■■■■■■■■■■■

http://www.lyfingenieria.com
Diseño e integracion de tecnolgias electronicas y de computo.
e-mail: benny@lopez-fernandez.com
CONTACTO:
Ofc: 6622603825
Cel: 6623000946
■■■■■■■■■■■■■■■■■■■■■■■■■■■■■■■■■■■■■■■■■■■■■■■■■■■■■■■■■■■■■■■■■■■■■■■■■■■■■■■■■■■■■■■■■■■■■■■■■■■■■■■■■■■■■■■■■■■■■■■■
[00:40:22.7647-07:00] [OPEN] 
[00:40:26.6670-07:00] [ENABLE] 
[00:40:26.6797-07:00] [STATUS-CHANGED] Enabled
[00:40:26.6926-07:00] [DOCUMENT-ACCEPTED] Value : [500] - Type : [Bill] - Count : [100].
[00:40:46.5464-07:00] [DISPENSE] Dispensed: XDR0.00, Requested: XDR76.55, Remaing: XDR76.55
■■■■■■■■■■■■■■■■■■■■■■■■■■■■■■■■■■■■■■■■■■■■■■■■■■■■■■■■■■■■■■■■■■■■■■■■■■■■■■■■■■■■■■■■■■■■■■■■■■■■■■■■■■■■■■■■■■■■■■■■

http://www.lyfingenieria.com
Diseño e integracion de tecnolgias electronicas y de computo.
e-mail: benny@lopez-fernandez.com
CONTACTO:
Ofc: 6622603825
Cel: 6623000946
■■■■■■■■■■■■■■■■■■■■■■■■■■■■■■■■■■■■■■■■■■■■■■■■■■■■■■■■■■■■■■■■■■■■■■■■■■■■■■■■■■■■■■■■■■■■■■■■■■■■■■■■■■■■■■■■■■■■■■■■
[00:43:02.2628-07:00] [OPEN] 
[00:43:04.2097-07:00] [ENABLE] 
[00:43:04.2287-07:00] [STATUS-CHANGED] Enabled
[00:43:04.2507-07:00] [DOCUMENT-ACCEPTED] Value : [500] - Type : [Bill] - Count : [100].
[00:43:04.3866-07:00] [ENABLE] 
[00:43:04.4006-07:00] [DOCUMENT-ACCEPTED] Value : [500] - Type : [Bill] - Count : [100].
[00:43:04.5625-07:00] [ENABLE] 
[00:43:04.5775-07:00] [DOCUMENT-ACCEPTED] Value : [500] - Type : [Bill] - Count : [100].
[00:43:04.7384-07:00] [ENABLE] 
[00:43:04.7654-07:00] [DOCUMENT-ACCEPTED] Value : [500] - Type : [Bill] - Count : [100].
[00:43:05.0342-07:00] [ENABLE] 
[00:43:05.0612-07:00] [DOCUMENT-ACCEPTED] Value : [500] - Type : [Bill] - Count : [100].
[00:43:05.1931-07:00] [ENABLE] 
[00:43:05.2091-07:00] [DOCUMENT-ACCEPTED] Value : [500] - Type : [Bill] - Count : [100].
[00:43:05.4740-07:00] [ENABLE] 
[00:43:05.4890-07:00] [DOCUMENT-ACCEPTED] Value : [500] - Type : [Bill] - Count : [100].
[00:43:05.6179-07:00] [ENABLE] 
[00:43:05.6369-07:00] [DOCUMENT-ACCEPTED] Value : [500] - Type : [Bill] - Count : [100].
[00:43:05.8108-07:00] [ENABLE] 
[00:43:05.8278-07:00] [DOCUMENT-ACCEPTED] Value : [500] - Type : [Bill] - Count : [100].
[00:43:05.9777-07:00] [ENABLE] 
[00:43:05.9927-07:00] [DOCUMENT-ACCEPTED] Value : [500] - Type : [Bill] - Count : [100].
[00:43:06.2905-07:00] [ENABLE] 
[00:43:06.3095-07:00] [DOCUMENT-ACCEPTED] Value : [500] - Type : [Bill] - Count : [100].
[00:43:10.6902-07:00] [ENABLE] 
[00:43:10.7172-07:00] [DOCUMENT-ACCEPTED] Value : [0.5] - Type : [Coin] - Count : [100].
[00:43:11.2099-07:00] [ENABLE] 
[00:43:11.2239-07:00] [DOCUMENT-ACCEPTED] Value : [0.5] - Type : [Coin] - Count : [100].
[00:43:11.3778-07:00] [ENABLE] 
[00:43:11.3918-07:00] [DOCUMENT-ACCEPTED] Value : [0.5] - Type : [Coin] - Count : [100].
[00:43:11.5457-07:00] [ENABLE] 
[00:43:11.5677-07:00] [DOCUMENT-ACCEPTED] Value : [0.5] - Type : [Coin] - Count : [100].
[00:43:11.7056-07:00] [ENABLE] 
[00:43:11.7276-07:00] [DOCUMENT-ACCEPTED] Value : [0.5] - Type : [Coin] - Count : [100].
[00:43:11.8346-07:00] [ENABLE] 
[00:43:11.8486-07:00] [DOCUMENT-ACCEPTED] Value : [0.5] - Type : [Coin] - Count : [100].
[00:43:11.9775-07:00] [ENABLE] 
[00:43:11.9985-07:00] [DOCUMENT-ACCEPTED] Value : [0.5] - Type : [Coin] - Count : [100].
[00:43:12.3063-07:00] [ENABLE] 
[00:43:12.3343-07:00] [DOCUMENT-ACCEPTED] Value : [0.5] - Type : [Coin] - Count : [100].
[00:43:12.8900-07:00] [ENABLE] 
[00:43:12.9109-07:00] [DOCUMENT-ACCEPTED] Value : [0.5] - Type : [Coin] - Count : [100].
[00:43:14.9188-07:00] [DISPENSE] Dispensed: XDR0.00, Requested: XDR1,105.05, Remaing: XDR1,105.05
■■■■■■■■■■■■■■■■■■■■■■■■■■■■■■■■■■■■■■■■■■■■■■■■■■■■■■■■■■■■■■■■■■■■■■■■■■■■■■■■■■■■■■■■■■■■■■■■■■■■■■■■■■■■■■■■■■■■■■■■

http://www.lyfingenieria.com
Diseño e integracion de tecnolgias electronicas y de computo.
e-mail: benny@lopez-fernandez.com
CONTACTO:
Ofc: 6622603825
Cel: 6623000946
■■■■■■■■■■■■■■■■■■■■■■■■■■■■■■■■■■■■■■■■■■■■■■■■■■■■■■■■■■■■■■■■■■■■■■■■■■■■■■■■■■■■■■■■■■■■■■■■■■■■■■■■■■■■■■■■■■■■■■■■
[00:48:21.4865-07:00] [OPEN] 
[00:48:23.8428-07:00] [ENABLE] 
[00:48:23.8918-07:00] [STATUS-CHANGED] Enabled
[00:48:23.9248-07:00] [DOCUMENT-ACCEPTED] Value : [500] - Type : [Bill] - Count : [100].
[00:48:28.6067-07:00] [DISPENSE] Dispensed: XDR0.00, Requested: XDR100.55, Remaing: XDR100.55
■■■■■■■■■■■■■■■■■■■■■■■■■■■■■■■■■■■■■■■■■■■■■■■■■■■■■■■■■■■■■■■■■■■■■■■■■■■■■■■■■■■■■■■■■■■■■■■■■■■■■■■■■■■■■■■■■■■■■■■■

http://www.lyfingenieria.com
Diseño e integracion de tecnolgias electronicas y de computo.
e-mail: benny@lopez-fernandez.com
CONTACTO:
Ofc: 6622603825
Cel: 6623000946
■■■■■■■■■■■■■■■■■■■■■■■■■■■■■■■■■■■■■■■■■■■■■■■■■■■■■■■■■■■■■■■■■■■■■■■■■■■■■■■■■■■■■■■■■■■■■■■■■■■■■■■■■■■■■■■■■■■■■■■■
[01:24:07.8643-07:00] [OPEN] 
[01:24:09.1316-07:00] [ENABLE] 
[01:24:09.1526-07:00] [STATUS-CHANGED] Enabled
[01:24:09.1755-07:00] [DOCUMENT-ACCEPTED] Value : [500] - Type : [Bill] - Count : [100].
■■■■■■■■■■■■■■■■■■■■■■■■■■■■■■■■■■■■■■■■■■■■■■■■■■■■■■■■■■■■■■■■■■■■■■■■■■■■■■■■■■■■■■■■■■■■■■■■■■■■■■■■■■■■■■■■■■■■■■■■

http://www.lyfingenieria.com
Diseño e integracion de tecnolgias electronicas y de computo.
e-mail: benny@lopez-fernandez.com
CONTACTO:
Ofc: 6622603825
Cel: 6623000946
■■■■■■■■■■■■■■■■■■■■■■■■■■■■■■■■■■■■■■■■■■■■■■■■■■■■■■■■■■■■■■■■■■■■■■■■■■■■■■■■■■■■■■■■■■■■■■■■■■■■■■■■■■■■■■■■■■■■■■■■
[13:44:25.4347-07:00] [OPEN] 
[13:44:28.9936-07:00] [ENABLE] 
[13:44:29.0236-07:00] [STATUS-CHANGED] Enabled
[13:44:29.0506-07:00] [DOCUMENT-ACCEPTED] Value : [500] - Type : [Bill] - Count : [100].
■■■■■■■■■■■■■■■■■■■■■■■■■■■■■■■■■■■■■■■■■■■■■■■■■■■■■■■■■■■■■■■■■■■■■■■■■■■■■■■■■■■■■■■■■■■■■■■■■■■■■■■■■■■■■■■■■■■■■■■■

http://www.lyfingenieria.com
Diseño e integracion de tecnolgias electronicas y de computo.
e-mail: benny@lopez-fernandez.com
CONTACTO:
Ofc: 6622603825
Cel: 6623000946
■■■■■■■■■■■■■■■■■■■■■■■■■■■■■■■■■■■■■■■■■■■■■■■■■■■■■■■■■■■■■■■■■■■■■■■■■■■■■■■■■■■■■■■■■■■■■■■■■■■■■■■■■■■■■■■■■■■■■■■■
[15:01:02.9692-07:00] [OPEN] 
[15:01:11.1871-07:00] [ENABLE] 
[15:01:11.2180-07:00] [STATUS-CHANGED] Enabled
[15:01:11.2830-07:00] [DOCUMENT-ACCEPTED] Value : [1] - Type : [Coin] - Count : [100].
[15:01:12.3934-07:00] [ENABLE] 
[15:01:12.4144-07:00] [DOCUMENT-ACCEPTED] Value : [500] - Type : [Bill] - Count : [100].
[15:01:12.8661-07:00] [ENABLE] 
[15:01:12.9001-07:00] [DOCUMENT-ACCEPTED] Value : [500] - Type : [Bill] - Count : [100].
[15:01:13.5627-07:00] [ENABLE] 
[15:01:13.5897-07:00] [DOCUMENT-ACCEPTED] Value : [500] - Type : [Bill] - Count : [100].
[15:01:13.6127-07:00] [ACCEPTED-EVENT-ADD] 
[15:01:14.1134-07:00] [ENABLE] 
[15:01:14.1464-07:00] [DOCUMENT-ACCEPTED] Value : [10] - Type : [Coin] - Count : [100].
■■■■■■■■■■■■■■■■■■■■■■■■■■■■■■■■■■■■■■■■■■■■■■■■■■■■■■■■■■■■■■■■■■■■■■■■■■■■■■■■■■■■■■■■■■■■■■■■■■■■■■■■■■■■■■■■■■■■■■■■

http://www.lyfingenieria.com
Diseño e integracion de tecnolgias electronicas y de computo.
e-mail: benny@lopez-fernandez.com
CONTACTO:
Ofc: 6622603825
Cel: 6623000946
■■■■■■■■■■■■■■■■■■■■■■■■■■■■■■■■■■■■■■■■■■■■■■■■■■■■■■■■■■■■■■■■■■■■■■■■■■■■■■■■■■■■■■■■■■■■■■■■■■■■■■■■■■■■■■■■■■■■■■■■
[15:02:19.4908-07:00] [OPEN] 
[15:02:27.1543-07:00] [ENABLE] 
[15:02:27.1813-07:00] [STATUS-CHANGED] Enabled
[15:02:27.2093-07:00] [DOCUMENT-ACCEPTED] Value : [500] - Type : [Bill] - Count : [100].
[15:02:27.2713-07:00] [ACCEPTED-EVENT-ADD] 
[15:02:28.6015-07:00] [ENABLE] 
[15:02:28.6285-07:00] [DOCUMENT-ACCEPTED] Value : [10] - Type : [Coin] - Count : [100].
[15:02:31.0651-07:00] [ENABLE] 
[15:02:31.0921-07:00] [DOCUMENT-ACCEPTED] Value : [10] - Type : [Coin] - Count : [100].
[15:02:32.6402-07:00] [ENABLE] 
[15:02:32.7082-07:00] [DOCUMENT-ACCEPTED] Value : [500] - Type : [Bill] - Count : [100].
[15:02:33.6890-07:00] [ACCEPTED-EVENT-ADD] 
[15:02:34.3377-07:00] [ENABLE] 
[15:02:34.3567-07:00] [DOCUMENT-ACCEPTED] Value : [500] - Type : [Bill] - Count : [100].
[15:02:37.5214-07:00] [ENABLE] 
[15:02:37.5504-07:00] [DOCUMENT-ACCEPTED] Value : [500] - Type : [Bill] - Count : [100].
[15:02:40.5617-07:00] [ENABLE] 
[15:02:40.5837-07:00] [DOCUMENT-ACCEPTED] Value : [500] - Type : [Bill] - Count : [100].
[15:02:43.5700-07:00] [ENABLE] 
[15:02:43.5880-07:00] [DOCUMENT-ACCEPTED] Value : [2] - Type : [Coin] - Count : [100].
[15:02:47.2809-07:00] [ENABLE] 
[15:02:47.2979-07:00] [DOCUMENT-ACCEPTED] Value : [500] - Type : [Bill] - Count : [100].
[15:02:52.4330-07:00] [ENABLE] 
[15:02:52.4510-07:00] [DOCUMENT-ACCEPTED] Value : [1] - Type : [Coin] - Count : [100].
[15:02:54.8736-07:00] [ENABLE] 
[15:02:54.8936-07:00] [DOCUMENT-ACCEPTED] Value : [0.5] - Type : [Coin] - Count : [100].
[15:02:56.7136-07:00] [ENABLE] 
[15:02:56.7455-07:00] [DOCUMENT-ACCEPTED] Value : [500] - Type : [Bill] - Count : [100].
■■■■■■■■■■■■■■■■■■■■■■■■■■■■■■■■■■■■■■■■■■■■■■■■■■■■■■■■■■■■■■■■■■■■■■■■■■■■■■■■■■■■■■■■■■■■■■■■■■■■■■■■■■■■■■■■■■■■■■■■

http://www.lyfingenieria.com
Diseño e integracion de tecnolgias electronicas y de computo.
e-mail: benny@lopez-fernandez.com
CONTACTO:
Ofc: 6622603825
Cel: 6623000946
■■■■■■■■■■■■■■■■■■■■■■■■■■■■■■■■■■■■■■■■■■■■■■■■■■■■■■■■■■■■■■■■■■■■■■■■■■■■■■■■■■■■■■■■■■■■■■■■■■■■■■■■■■■■■■■■■■■■■■■■
[15:05:34.7530-07:00] [OPEN] 
[15:05:37.1547-07:00] [ENABLE] 
[15:05:37.2167-07:00] [STATUS-CHANGED] Enabled
[15:05:37.2327-07:00] [DOCUMENT-ACCEPTED] Value : [1] - Type : [Coin] - Count : [100].
[15:05:39.3703-07:00] [ENABLE] 
[15:05:39.3973-07:00] [DOCUMENT-ACCEPTED] Value : [1] - Type : [Coin] - Count : [100].
[15:05:39.8650-07:00] [ENABLE] 
[15:05:39.8820-07:00] [DOCUMENT-ACCEPTED] Value : [1] - Type : [Coin] - Count : [100].
[15:05:40.0089-07:00] [ENABLE] 
[15:05:40.1119-07:00] [DOCUMENT-ACCEPTED] Value : [1] - Type : [Coin] - Count : [100].
[15:05:40.5376-07:00] [ENABLE] 
[15:05:40.5566-07:00] [DOCUMENT-ACCEPTED] Value : [500] - Type : [Bill] - Count : [100].
[15:05:40.6571-07:00] [ENABLE] 
[15:05:40.6741-07:00] [DOCUMENT-ACCEPTED] Value : [500] - Type : [Bill] - Count : [100].
[15:05:40.8330-07:00] [ENABLE] 
[15:05:40.8530-07:00] [DOCUMENT-ACCEPTED] Value : [500] - Type : [Bill] - Count : [100].
[15:05:40.9849-07:00] [ENABLE] 
[15:05:41.0089-07:00] [DOCUMENT-ACCEPTED] Value : [500] - Type : [Bill] - Count : [100].
[15:05:41.1368-07:00] [ENABLE] 
[15:05:41.1568-07:00] [DOCUMENT-ACCEPTED] Value : [500] - Type : [Bill] - Count : [100].
[15:05:41.5301-07:00] [ENABLE] 
[15:05:41.5481-07:00] [DOCUMENT-ACCEPTED] Value : [500] - Type : [Bill] - Count : [100].
[15:05:41.8250-07:00] [ENABLE] 
[15:05:41.8510-07:00] [DOCUMENT-ACCEPTED] Value : [500] - Type : [Bill] - Count : [100].
[15:05:42.1448-07:00] [ENABLE] 
[15:05:42.1708-07:00] [DOCUMENT-ACCEPTED] Value : [500] - Type : [Bill] - Count : [100].
[15:05:42.4247-07:00] [ENABLE] 
[15:05:42.4497-07:00] [DOCUMENT-ACCEPTED] Value : [500] - Type : [Bill] - Count : [100].
[15:05:43.2891-07:00] [ENABLE] 
[15:05:43.3181-07:00] [DOCUMENT-ACCEPTED] Value : [10] - Type : [Coin] - Count : [100].
[15:05:43.5850-07:00] [ENABLE] 
[15:05:43.6019-07:00] [DOCUMENT-ACCEPTED] Value : [500] - Type : [Bill] - Count : [100].
[15:05:43.8178-07:00] [ENABLE] 
[15:05:43.8408-07:00] [DOCUMENT-ACCEPTED] Value : [2] - Type : [Coin] - Count : [100].
[15:05:44.5214-07:00] [ENABLE] 
[15:05:44.5484-07:00] [DOCUMENT-ACCEPTED] Value : [0.5] - Type : [Coin] - Count : [100].
[15:05:44.7453-07:00] [ENABLE] 
[15:05:44.7803-07:00] [DOCUMENT-ACCEPTED] Value : [500] - Type : [Bill] - Count : [100].
[15:05:45.0091-07:00] [ENABLE] 
[15:05:45.0311-07:00] [DOCUMENT-ACCEPTED] Value : [500] - Type : [Bill] - Count : [100].
[15:05:45.2890-07:00] [ENABLE] 
[15:05:45.3060-07:00] [DOCUMENT-ACCEPTED] Value : [500] - Type : [Bill] - Count : [100].
[15:05:45.8896-07:00] [ENABLE] 
[15:05:45.9226-07:00] [DOCUMENT-ACCEPTED] Value : [500] - Type : [Bill] - Count : [100].
[15:05:46.2654-07:00] [ENABLE] 
[15:05:46.3024-07:00] [DOCUMENT-ACCEPTED] Value : [10] - Type : [Coin] - Count : [100].
[15:05:46.5852-07:00] [ENABLE] 
[15:05:46.6122-07:00] [DOCUMENT-ACCEPTED] Value : [500] - Type : [Bill] - Count : [100].
[15:05:46.8251-07:00] [ENABLE] 
[15:05:46.8531-07:00] [DOCUMENT-ACCEPTED] Value : [500] - Type : [Bill] - Count : [100].
[15:05:47.1049-07:00] [ENABLE] 
[15:05:47.1249-07:00] [DOCUMENT-ACCEPTED] Value : [500] - Type : [Bill] - Count : [100].
[15:05:47.3368-07:00] [ENABLE] 
[15:05:47.3558-07:00] [DOCUMENT-ACCEPTED] Value : [2] - Type : [Coin] - Count : [100].
[15:05:47.8335-07:00] [ENABLE] 
[15:05:47.8565-07:00] [DOCUMENT-ACCEPTED] Value : [1] - Type : [Coin] - Count : [100].
[15:05:48.1044-07:00] [ENABLE] 
[15:05:48.1314-07:00] [DOCUMENT-ACCEPTED] Value : [500] - Type : [Bill] - Count : [100].
[15:05:48.4412-07:00] [ENABLE] 
[15:05:48.4582-07:00] [DOCUMENT-ACCEPTED] Value : [500] - Type : [Bill] - Count : [100].
[15:05:48.6581-07:00] [ENABLE] 
[15:05:48.6750-07:00] [DOCUMENT-ACCEPTED] Value : [0.5] - Type : [Coin] - Count : [100].
[15:05:49.2337-07:00] [ENABLE] 
[15:05:49.2487-07:00] [DOCUMENT-ACCEPTED] Value : [500] - Type : [Bill] - Count : [100].
[15:05:49.9215-07:00] [ENABLE] 
[15:05:49.9355-07:00] [DOCUMENT-ACCEPTED] Value : [1] - Type : [Coin] - Count : [100].
[15:05:50.1286-07:00] [ENABLE] 
[15:05:50.1456-07:00] [DOCUMENT-ACCEPTED] Value : [500] - Type : [Bill] - Count : [100].
[15:05:50.3045-07:00] [ENABLE] 
[15:05:50.3195-07:00] [DOCUMENT-ACCEPTED] Value : [500] - Type : [Bill] - Count : [100].
[15:05:50.6333-07:00] [ENABLE] 
[15:05:50.6463-07:00] [DOCUMENT-ACCEPTED] Value : [0.5] - Type : [Coin] - Count : [100].
■■■■■■■■■■■■■■■■■■■■■■■■■■■■■■■■■■■■■■■■■■■■■■■■■■■■■■■■■■■■■■■■■■■■■■■■■■■■■■■■■■■■■■■■■■■■■■■■■■■■■■■■■■■■■■■■■■■■■■■■

http://www.lyfingenieria.com
Diseño e integracion de tecnolgias electronicas y de computo.
e-mail: benny@lopez-fernandez.com
CONTACTO:
Ofc: 6622603825
Cel: 6623000946
■■■■■■■■■■■■■■■■■■■■■■■■■■■■■■■■■■■■■■■■■■■■■■■■■■■■■■■■■■■■■■■■■■■■■■■■■■■■■■■■■■■■■■■■■■■■■■■■■■■■■■■■■■■■■■■■■■■■■■■■
[15:07:05.1961-07:00] [OPEN] 
[15:07:05.3260-07:00] [ACCEPTED-EVENT-ADD] 
[15:07:06.7452-07:00] [ENABLE] 
[15:07:06.7652-07:00] [STATUS-CHANGED] Enabled
[15:07:06.7871-07:00] [DOCUMENT-ACCEPTED] Value : [500] - Type : [Bill] - Count : [100].
[15:07:08.7930-07:00] [ENABLE] 
[15:07:08.8080-07:00] [DOCUMENT-ACCEPTED] Value : [10] - Type : [Coin] - Count : [100].
[15:07:10.6809-07:00] [ENABLE] 
[15:07:10.6989-07:00] [DOCUMENT-ACCEPTED] Value : [2] - Type : [Coin] - Count : [100].
[15:07:11.9132-07:00] [ENABLE] 
[15:07:11.9282-07:00] [DOCUMENT-ACCEPTED] Value : [500] - Type : [Bill] - Count : [100].
[15:07:13.0806-07:00] [ENABLE] 
[15:07:13.1015-07:00] [DOCUMENT-ACCEPTED] Value : [500] - Type : [Bill] - Count : [100].
[15:07:14.2329-07:00] [ENABLE] 
[15:07:14.2489-07:00] [DOCUMENT-ACCEPTED] Value : [500] - Type : [Bill] - Count : [100].
[15:07:15.4812-07:00] [ENABLE] 
[15:07:15.5002-07:00] [DOCUMENT-ACCEPTED] Value : [0.5] - Type : [Coin] - Count : [100].
[15:07:17.5450-07:00] [ENABLE] 
[15:07:17.5670-07:00] [DOCUMENT-ACCEPTED] Value : [1] - Type : [Coin] - Count : [100].
[15:07:18.9694-07:00] [ENABLE] 
[15:07:18.9854-07:00] [DOCUMENT-ACCEPTED] Value : [2] - Type : [Coin] - Count : [100].
■■■■■■■■■■■■■■■■■■■■■■■■■■■■■■■■■■■■■■■■■■■■■■■■■■■■■■■■■■■■■■■■■■■■■■■■■■■■■■■■■■■■■■■■■■■■■■■■■■■■■■■■■■■■■■■■■■■■■■■■

http://www.lyfingenieria.com
Diseño e integracion de tecnolgias electronicas y de computo.
e-mail: benny@lopez-fernandez.com
CONTACTO:
Ofc: 6622603825
Cel: 6623000946
■■■■■■■■■■■■■■■■■■■■■■■■■■■■■■■■■■■■■■■■■■■■■■■■■■■■■■■■■■■■■■■■■■■■■■■■■■■■■■■■■■■■■■■■■■■■■■■■■■■■■■■■■■■■■■■■■■■■■■■■
[15:29:23.0085-07:00] [OPEN] 
[15:29:23.1964-07:00] [ACCEPTED-EVENT-ADD] 
[15:29:24.6486-07:00] [ENABLE] 
[15:29:24.6696-07:00] [STATUS-CHANGED] Enabled
[15:29:24.7346-07:00] [DOCUMENT-ACCEPTED] Value : [10] - Type : [Coin] - Count : [100].
[15:29:26.5055-07:00] [ENABLE] 
[15:29:26.5315-07:00] [DOCUMENT-ACCEPTED] Value : [10] - Type : [Coin] - Count : [100].
[15:29:27.3630-07:00] [ENABLE] 
[15:29:27.3840-07:00] [DOCUMENT-ACCEPTED] Value : [500] - Type : [Bill] - Count : [100].
[15:29:28.4574-07:00] [ENABLE] 
[15:29:28.4824-07:00] [DOCUMENT-ACCEPTED] Value : [500] - Type : [Bill] - Count : [100].
[15:29:28.8822-07:00] [ENABLE] 
[15:29:28.9052-07:00] [DOCUMENT-ACCEPTED] Value : [500] - Type : [Bill] - Count : [100].
[15:29:29.1210-07:00] [ENABLE] 
[15:29:29.1550-07:00] [DOCUMENT-ACCEPTED] Value : [500] - Type : [Bill] - Count : [100].
[15:29:29.4019-07:00] [ENABLE] 
[15:29:29.4288-07:00] [DOCUMENT-ACCEPTED] Value : [500] - Type : [Bill] - Count : [100].
[15:29:29.7537-07:00] [ENABLE] 
[15:29:29.7866-07:00] [DOCUMENT-ACCEPTED] Value : [0.5] - Type : [Coin] - Count : [100].
[15:29:31.0809-07:00] [ENABLE] 
[15:29:31.1009-07:00] [DOCUMENT-ACCEPTED] Value : [500] - Type : [Bill] - Count : [100].
[15:29:31.4657-07:00] [ENABLE] 
[15:29:31.4937-07:00] [DOCUMENT-ACCEPTED] Value : [500] - Type : [Bill] - Count : [100].
[15:29:31.6246-07:00] [ENABLE] 
[15:29:31.6486-07:00] [DOCUMENT-ACCEPTED] Value : [500] - Type : [Bill] - Count : [100].
[15:29:31.7695-07:00] [ENABLE] 
[15:29:31.7905-07:00] [DOCUMENT-ACCEPTED] Value : [500] - Type : [Bill] - Count : [100].
[15:29:31.9774-07:00] [ENABLE] 
[15:29:31.9994-07:00] [DOCUMENT-ACCEPTED] Value : [500] - Type : [Bill] - Count : [100].
[15:29:32.1373-07:00] [ENABLE] 
[15:29:32.1623-07:00] [DOCUMENT-ACCEPTED] Value : [500] - Type : [Bill] - Count : [100].
[15:29:32.3292-07:00] [ENABLE] 
[15:29:32.3582-07:00] [DOCUMENT-ACCEPTED] Value : [500] - Type : [Bill] - Count : [100].
[15:29:32.6970-07:00] [ENABLE] 
[15:29:32.7300-07:00] [DOCUMENT-ACCEPTED] Value : [500] - Type : [Bill] - Count : [100].
[15:29:33.0168-07:00] [ENABLE] 
[15:29:33.0458-07:00] [DOCUMENT-ACCEPTED] Value : [500] - Type : [Bill] - Count : [100].
[15:29:33.3616-07:00] [ENABLE] 
[15:29:33.3836-07:00] [DOCUMENT-ACCEPTED] Value : [500] - Type : [Bill] - Count : [100].
[15:29:33.8403-07:00] [ENABLE] 
[15:29:33.8593-07:00] [DOCUMENT-ACCEPTED] Value : [10] - Type : [Coin] - Count : [100].
[15:29:34.0492-07:00] [ENABLE] 
[15:29:34.0732-07:00] [DOCUMENT-ACCEPTED] Value : [500] - Type : [Bill] - Count : [100].
[15:29:34.3930-07:00] [ENABLE] 
[15:29:34.4160-07:00] [DOCUMENT-ACCEPTED] Value : [1] - Type : [Coin] - Count : [100].
■■■■■■■■■■■■■■■■■■■■■■■■■■■■■■■■■■■■■■■■■■■■■■■■■■■■■■■■■■■■■■■■■■■■■■■■■■■■■■■■■■■■■■■■■■■■■■■■■■■■■■■■■■■■■■■■■■■■■■■■

http://www.lyfingenieria.com
Diseño e integracion de tecnolgias electronicas y de computo.
e-mail: benny@lopez-fernandez.com
CONTACTO:
Ofc: 6622603825
Cel: 6623000946
■■■■■■■■■■■■■■■■■■■■■■■■■■■■■■■■■■■■■■■■■■■■■■■■■■■■■■■■■■■■■■■■■■■■■■■■■■■■■■■■■■■■■■■■■■■■■■■■■■■■■■■■■■■■■■■■■■■■■■■■
[15:31:18.2455-07:00] [OPEN] 
[15:31:18.3635-07:00] [ACCEPTED-EVENT-ADD] 
[15:31:19.5130-07:00] [ENABLE] 
[15:31:19.5360-07:00] [STATUS-CHANGED] Enabled
[15:31:19.5610-07:00] [DOCUMENT-ACCEPTED] Value : [500] - Type : [Bill] - Count : [100].
[15:31:20.3690-07:00] [ENABLE] 
[15:31:20.3880-07:00] [DOCUMENT-ACCEPTED] Value : [500] - Type : [Bill] - Count : [100].
■■■■■■■■■■■■■■■■■■■■■■■■■■■■■■■■■■■■■■■■■■■■■■■■■■■■■■■■■■■■■■■■■■■■■■■■■■■■■■■■■■■■■■■■■■■■■■■■■■■■■■■■■■■■■■■■■■■■■■■■

http://www.lyfingenieria.com
Diseño e integracion de tecnolgias electronicas y de computo.
e-mail: benny@lopez-fernandez.com
CONTACTO:
Ofc: 6622603825
Cel: 6623000946
■■■■■■■■■■■■■■■■■■■■■■■■■■■■■■■■■■■■■■■■■■■■■■■■■■■■■■■■■■■■■■■■■■■■■■■■■■■■■■■■■■■■■■■■■■■■■■■■■■■■■■■■■■■■■■■■■■■■■■■■
[15:32:07.7863-07:00] [OPEN] 
[15:32:07.9053-07:00] [ACCEPTED-EVENT-ADD] 
[15:32:08.9537-07:00] [ENABLE] 
[15:32:08.9867-07:00] [STATUS-CHANGED] Enabled
[15:32:09.0157-07:00] [DOCUMENT-ACCEPTED] Value : [500] - Type : [Bill] - Count : [100].
■■■■■■■■■■■■■■■■■■■■■■■■■■■■■■■■■■■■■■■■■■■■■■■■■■■■■■■■■■■■■■■■■■■■■■■■■■■■■■■■■■■■■■■■■■■■■■■■■■■■■■■■■■■■■■■■■■■■■■■■

http://www.lyfingenieria.com
Diseño e integracion de tecnolgias electronicas y de computo.
e-mail: benny@lopez-fernandez.com
CONTACTO:
Ofc: 6622603825
Cel: 6623000946
■■■■■■■■■■■■■■■■■■■■■■■■■■■■■■■■■■■■■■■■■■■■■■■■■■■■■■■■■■■■■■■■■■■■■■■■■■■■■■■■■■■■■■■■■■■■■■■■■■■■■■■■■■■■■■■■■■■■■■■■
[15:37:49.3978-07:00] [OPEN] 
[15:37:51.4346-07:00] [ACCEPTED-EVENT-ADD] 
■■■■■■■■■■■■■■■■■■■■■■■■■■■■■■■■■■■■■■■■■■■■■■■■■■■■■■■■■■■■■■■■■■■■■■■■■■■■■■■■■■■■■■■■■■■■■■■■■■■■■■■■■■■■■■■■■■■■■■■■

http://www.lyfingenieria.com
Diseño e integracion de tecnolgias electronicas y de computo.
e-mail: benny@lopez-fernandez.com
CONTACTO:
Ofc: 6622603825
Cel: 6623000946
■■■■■■■■■■■■■■■■■■■■■■■■■■■■■■■■■■■■■■■■■■■■■■■■■■■■■■■■■■■■■■■■■■■■■■■■■■■■■■■■■■■■■■■■■■■■■■■■■■■■■■■■■■■■■■■■■■■■■■■■
[16:22:21.3011-07:00] [OPEN] 
[16:22:23.2907-07:00] [ACCEPTED-EVENT-ADD] 
[16:22:27.6438-07:00] [ENABLE] 
[16:22:27.6638-07:00] [STATUS-CHANGED] Enabled
[16:22:27.6918-07:00] [DOCUMENT-ACCEPTED] Value : [500] - Type : [Bill] - Count : [100].
[16:22:29.4977-07:00] [ENABLE] 
[16:22:29.5247-07:00] [DOCUMENT-ACCEPTED] Value : [200] - Type : [Bill] - Count : [100].
[16:22:30.6331-07:00] [ENABLE] 
[16:22:30.6611-07:00] [DOCUMENT-ACCEPTED] Value : [100] - Type : [Bill] - Count : [100].
[16:22:34.5457-07:00] [ENABLE] 
[16:22:34.5617-07:00] [DOCUMENT-ACCEPTED] Value : [50] - Type : [Bill] - Count : [100].
[16:22:35.5054-07:00] [ENABLE] 
[16:22:35.5344-07:00] [DOCUMENT-ACCEPTED] Value : [20] - Type : [Bill] - Count : [100].
[16:22:36.7537-07:00] [ENABLE] 
[16:22:36.7936-07:00] [DOCUMENT-ACCEPTED] Value : [10] - Type : [Coin] - Count : [100].
[16:22:40.0967-07:00] [ENABLE] 
[16:22:40.1217-07:00] [DOCUMENT-ACCEPTED] Value : [2] - Type : [Coin] - Count : [100].
[16:22:41.0412-07:00] [ENABLE] 
[16:22:41.0662-07:00] [DOCUMENT-ACCEPTED] Value : [1] - Type : [Coin] - Count : [100].
[16:22:41.9767-07:00] [ENABLE] 
[16:22:42.0047-07:00] [DOCUMENT-ACCEPTED] Value : [0.5] - Type : [Coin] - Count : [100].
[16:22:42.4814-07:00] [ENABLE] 
[16:22:42.5064-07:00] [DOCUMENT-ACCEPTED] Value : [0.5] - Type : [Coin] - Count : [100].
[16:22:42.6583-07:00] [ENABLE] 
[16:22:42.6803-07:00] [DOCUMENT-ACCEPTED] Value : [0.5] - Type : [Coin] - Count : [100].
[16:22:42.8412-07:00] [ENABLE] 
[16:22:42.8652-07:00] [DOCUMENT-ACCEPTED] Value : [0.5] - Type : [Coin] - Count : [100].
[16:22:43.0491-07:00] [ENABLE] 
[16:22:43.0790-07:00] [DOCUMENT-ACCEPTED] Value : [0.5] - Type : [Coin] - Count : [100].
[16:22:43.3529-07:00] [ENABLE] 
[16:22:43.3789-07:00] [DOCUMENT-ACCEPTED] Value : [0.5] - Type : [Coin] - Count : [100].
[16:22:44.0015-07:00] [ENABLE] 
[16:22:44.0425-07:00] [DOCUMENT-ACCEPTED] Value : [0.5] - Type : [Coin] - Count : [100].
[16:22:45.0659-07:00] [ENABLE] 
[16:22:45.0959-07:00] [DOCUMENT-ACCEPTED] Value : [0.5] - Type : [Coin] - Count : [100].
[16:22:45.9284-07:00] [ENABLE] 
[16:22:45.9524-07:00] [DOCUMENT-ACCEPTED] Value : [20] - Type : [Bill] - Count : [100].
[16:22:47.1287-07:00] [ENABLE] 
[16:22:47.1477-07:00] [DOCUMENT-ACCEPTED] Value : [0.5] - Type : [Coin] - Count : [100].
[16:22:47.9053-07:00] [ENABLE] 
[16:22:47.9253-07:00] [DOCUMENT-ACCEPTED] Value : [50] - Type : [Bill] - Count : [100].
[16:22:48.7129-07:00] [ENABLE] 
[16:22:48.7389-07:00] [DOCUMENT-ACCEPTED] Value : [2] - Type : [Coin] - Count : [100].
[16:22:49.6978-07:00] [ENABLE] 
[16:22:49.7228-07:00] [DOCUMENT-ACCEPTED] Value : [200] - Type : [Bill] - Count : [100].
[16:22:51.3309-07:00] [ENABLE] 
[16:22:51.3539-07:00] [DOCUMENT-ACCEPTED] Value : [500] - Type : [Bill] - Count : [100].
[16:22:52.2573-07:00] [ENABLE] 
[16:22:52.2903-07:00] [DOCUMENT-ACCEPTED] Value : [20] - Type : [Bill] - Count : [100].
[16:22:52.9689-07:00] [ENABLE] 
[16:22:52.9889-07:00] [DOCUMENT-ACCEPTED] Value : [1] - Type : [Coin] - Count : [100].
[16:22:53.6329-07:00] [ENABLE] 
[16:22:53.6549-07:00] [DOCUMENT-ACCEPTED] Value : [50] - Type : [Bill] - Count : [100].
[16:22:54.1047-07:00] [ENABLE] 
[16:22:54.1336-07:00] [DOCUMENT-ACCEPTED] Value : [2] - Type : [Coin] - Count : [100].
[16:22:54.4735-07:00] [ENABLE] 
[16:22:54.5035-07:00] [DOCUMENT-ACCEPTED] Value : [100] - Type : [Bill] - Count : [100].
[16:22:55.2191-07:00] [ENABLE] 
[16:22:55.2490-07:00] [DOCUMENT-ACCEPTED] Value : [0.5] - Type : [Coin] - Count : [100].
[16:22:56.5293-07:00] [ENABLE] 
[16:22:56.5543-07:00] [DOCUMENT-ACCEPTED] Value : [0.5] - Type : [Coin] - Count : [100].
[16:22:56.9291-07:00] [ENABLE] 
[16:22:56.9721-07:00] [DOCUMENT-ACCEPTED] Value : [0.5] - Type : [Coin] - Count : [100].
[16:22:57.1689-07:00] [ENABLE] 
[16:22:57.1919-07:00] [DOCUMENT-ACCEPTED] Value : [0.5] - Type : [Coin] - Count : [100].
[16:22:57.3618-07:00] [ENABLE] 
[16:22:57.3848-07:00] [DOCUMENT-ACCEPTED] Value : [0.5] - Type : [Coin] - Count : [100].
[16:22:57.5377-07:00] [ENABLE] 
[16:22:57.5617-07:00] [DOCUMENT-ACCEPTED] Value : [0.5] - Type : [Coin] - Count : [100].
[16:22:57.7136-07:00] [ENABLE] 
[16:22:57.7476-07:00] [DOCUMENT-ACCEPTED] Value : [0.5] - Type : [Coin] - Count : [100].
[16:22:57.9055-07:00] [ENABLE] 
[16:22:57.9325-07:00] [DOCUMENT-ACCEPTED] Value : [0.5] - Type : [Coin] - Count : [100].
[16:22:58.0964-07:00] [ENABLE] 
[16:22:58.1164-07:00] [DOCUMENT-ACCEPTED] Value : [0.5] - Type : [Coin] - Count : [100].
[16:22:58.2403-07:00] [ENABLE] 
[16:22:58.2583-07:00] [DOCUMENT-ACCEPTED] Value : [0.5] - Type : [Coin] - Count : [100].
[16:22:58.4332-07:00] [ENABLE] 
[16:22:58.4642-07:00] [DOCUMENT-ACCEPTED] Value : [0.5] - Type : [Coin] - Count : [100].
[16:22:58.6091-07:00] [ENABLE] 
[16:22:58.6271-07:00] [DOCUMENT-ACCEPTED] Value : [0.5] - Type : [Coin] - Count : [100].
[16:22:58.9449-07:00] [ENABLE] 
[16:22:58.9679-07:00] [DOCUMENT-ACCEPTED] Value : [0.5] - Type : [Coin] - Count : [100].
[16:22:59.1378-07:00] [ENABLE] 
[16:22:59.1558-07:00] [DOCUMENT-ACCEPTED] Value : [0.5] - Type : [Coin] - Count : [100].
[16:22:59.3127-07:00] [ENABLE] 
[16:22:59.3367-07:00] [DOCUMENT-ACCEPTED] Value : [0.5] - Type : [Coin] - Count : [100].
[16:22:59.4886-07:00] [ENABLE] 
[16:22:59.5116-07:00] [DOCUMENT-ACCEPTED] Value : [0.5] - Type : [Coin] - Count : [100].
[16:22:59.6415-07:00] [ENABLE] 
[16:22:59.6625-07:00] [DOCUMENT-ACCEPTED] Value : [0.5] - Type : [Coin] - Count : [100].
[16:22:59.8254-07:00] [ENABLE] 
[16:22:59.8524-07:00] [DOCUMENT-ACCEPTED] Value : [0.5] - Type : [Coin] - Count : [100].
[16:23:00.0493-07:00] [ENABLE] 
[16:23:00.0773-07:00] [DOCUMENT-ACCEPTED] Value : [0.5] - Type : [Coin] - Count : [100].
[16:23:00.1862-07:00] [ENABLE] 
[16:23:00.2162-07:00] [DOCUMENT-ACCEPTED] Value : [0.5] - Type : [Coin] - Count : [100].
[16:23:00.3931-07:00] [ENABLE] 
[16:23:00.4261-07:00] [DOCUMENT-ACCEPTED] Value : [0.5] - Type : [Coin] - Count : [100].
[16:23:00.5130-07:00] [ENABLE] 
[16:23:00.5330-07:00] [DOCUMENT-ACCEPTED] Value : [0.5] - Type : [Coin] - Count : [100].
[16:23:00.6729-07:00] [ENABLE] 
[16:23:00.7049-07:00] [DOCUMENT-ACCEPTED] Value : [0.5] - Type : [Coin] - Count : [100].
[16:23:00.8498-07:00] [ENABLE] 
[16:23:00.8828-07:00] [DOCUMENT-ACCEPTED] Value : [0.5] - Type : [Coin] - Count : [100].
[16:23:01.0497-07:00] [ENABLE] 
[16:23:01.0687-07:00] [DOCUMENT-ACCEPTED] Value : [0.5] - Type : [Coin] - Count : [100].
[16:23:01.2176-07:00] [ENABLE] 
[16:23:01.2436-07:00] [DOCUMENT-ACCEPTED] Value : [0.5] - Type : [Coin] - Count : [100].
[16:23:01.4095-07:00] [ENABLE] 
[16:23:01.4255-07:00] [DOCUMENT-ACCEPTED] Value : [0.5] - Type : [Coin] - Count : [100].
[16:23:01.5774-07:00] [ENABLE] 
[16:23:01.6084-07:00] [DOCUMENT-ACCEPTED] Value : [0.5] - Type : [Coin] - Count : [100].
[16:23:01.7703-07:00] [ENABLE] 
[16:23:01.7933-07:00] [DOCUMENT-ACCEPTED] Value : [0.5] - Type : [Coin] - Count : [100].
[16:23:01.9452-07:00] [ENABLE] 
[16:23:01.9682-07:00] [DOCUMENT-ACCEPTED] Value : [0.5] - Type : [Coin] - Count : [100].
[16:23:02.1541-07:00] [ENABLE] 
[16:23:02.1921-07:00] [DOCUMENT-ACCEPTED] Value : [0.5] - Type : [Coin] - Count : [100].
[16:23:03.4513-07:00] [ENABLE] 
[16:23:03.4923-07:00] [DOCUMENT-ACCEPTED] Value : [500] - Type : [Bill] - Count : [100].
[16:23:03.6252-07:00] [ENABLE] 
[16:23:03.6522-07:00] [DOCUMENT-ACCEPTED] Value : [500] - Type : [Bill] - Count : [100].
[16:23:03.8091-07:00] [ENABLE] 
[16:23:03.8331-07:00] [DOCUMENT-ACCEPTED] Value : [500] - Type : [Bill] - Count : [100].
[16:23:04.0010-07:00] [ENABLE] 
[16:23:04.0290-07:00] [DOCUMENT-ACCEPTED] Value : [500] - Type : [Bill] - Count : [100].
[16:23:04.4328-07:00] [ENABLE] 
[16:23:04.4618-07:00] [DOCUMENT-ACCEPTED] Value : [500] - Type : [Bill] - Count : [100].
[16:23:04.9136-07:00] [ENABLE] 
[16:23:04.9286-07:00] [DOCUMENT-ACCEPTED] Value : [500] - Type : [Bill] - Count : [100].
[16:23:05.5927-07:00] [ENABLE] 
[16:23:05.6076-07:00] [DOCUMENT-ACCEPTED] Value : [500] - Type : [Bill] - Count : [100].
[16:23:06.0014-07:00] [ENABLE] 
[16:23:06.0214-07:00] [DOCUMENT-ACCEPTED] Value : [500] - Type : [Bill] - Count : [100].
[16:23:06.2822-07:00] [ENABLE] 
[16:23:06.3322-07:00] [DOCUMENT-ACCEPTED] Value : [500] - Type : [Bill] - Count : [100].
[16:23:07.1927-07:00] [ENABLE] 
[16:23:07.2217-07:00] [DOCUMENT-ACCEPTED] Value : [500] - Type : [Bill] - Count : [100].
[16:23:08.8098-07:00] [ENABLE] 
[16:23:08.8448-07:00] [DOCUMENT-ACCEPTED] Value : [200] - Type : [Bill] - Count : [100].
[16:23:10.0261-07:00] [ENABLE] 
[16:23:10.0521-07:00] [DOCUMENT-ACCEPTED] Value : [200] - Type : [Bill] - Count : [100].
[16:23:11.1215-07:00] [ENABLE] 
[16:23:11.1425-07:00] [DOCUMENT-ACCEPTED] Value : [200] - Type : [Bill] - Count : [100].
[16:23:11.9930-07:00] [ENABLE] 
[16:23:12.0160-07:00] [DOCUMENT-ACCEPTED] Value : [200] - Type : [Bill] - Count : [100].
[16:23:12.8815-07:00] [ENABLE] 
[16:23:12.9334-07:00] [DOCUMENT-ACCEPTED] Value : [200] - Type : [Bill] - Count : [100].
[16:23:13.6250-07:00] [ENABLE] 
[16:23:13.6680-07:00] [DOCUMENT-ACCEPTED] Value : [200] - Type : [Bill] - Count : [100].
[16:23:14.4006-07:00] [ENABLE] 
[16:23:14.4346-07:00] [DOCUMENT-ACCEPTED] Value : [200] - Type : [Bill] - Count : [100].
[16:23:15.2011-07:00] [ENABLE] 
[16:23:15.2201-07:00] [DOCUMENT-ACCEPTED] Value : [200] - Type : [Bill] - Count : [100].
[16:23:16.0496-07:00] [ENABLE] 
[16:23:16.0826-07:00] [DOCUMENT-ACCEPTED] Value : [200] - Type : [Bill] - Count : [100].
[16:23:16.7213-07:00] [ENABLE] 
[16:23:16.7552-07:00] [DOCUMENT-ACCEPTED] Value : [200] - Type : [Bill] - Count : [100].
[16:23:17.4888-07:00] [ENABLE] 
[16:23:17.5148-07:00] [DOCUMENT-ACCEPTED] Value : [100] - Type : [Bill] - Count : [100].
[16:23:18.1285-07:00] [ENABLE] 
[16:23:18.1624-07:00] [DOCUMENT-ACCEPTED] Value : [100] - Type : [Bill] - Count : [100].
[16:23:18.7771-07:00] [ENABLE] 
[16:23:18.8201-07:00] [DOCUMENT-ACCEPTED] Value : [100] - Type : [Bill] - Count : [100].
[16:23:19.7525-07:00] [ENABLE] 
[16:23:19.7705-07:00] [DOCUMENT-ACCEPTED] Value : [50] - Type : [Bill] - Count : [100].
[16:23:20.3128-07:00] [ENABLE] 
[16:23:20.3417-07:00] [DOCUMENT-ACCEPTED] Value : [50] - Type : [Bill] - Count : [100].
[16:23:20.8806-07:00] [ENABLE] 
[16:23:20.9076-07:00] [DOCUMENT-ACCEPTED] Value : [50] - Type : [Bill] - Count : [100].
[16:23:21.6572-07:00] [ENABLE] 
[16:23:21.6832-07:00] [DOCUMENT-ACCEPTED] Value : [50] - Type : [Bill] - Count : [100].
[16:23:22.2812-07:00] [ENABLE] 
[16:23:22.3122-07:00] [DOCUMENT-ACCEPTED] Value : [50] - Type : [Bill] - Count : [100].
[16:23:22.8329-07:00] [ENABLE] 
[16:23:22.8748-07:00] [DOCUMENT-ACCEPTED] Value : [50] - Type : [Bill] - Count : [100].
[16:23:23.4655-07:00] [ENABLE] 
[16:23:23.5005-07:00] [DOCUMENT-ACCEPTED] Value : [50] - Type : [Bill] - Count : [100].
[16:23:29.0735-07:00] [ENABLE] 
[16:23:29.1134-07:00] [DOCUMENT-ACCEPTED] Value : [50] - Type : [Bill] - Count : [100].
[16:23:29.5612-07:00] [ENABLE] 
[16:23:29.5792-07:00] [DOCUMENT-ACCEPTED] Value : [50] - Type : [Bill] - Count : [100].
[16:23:29.9210-07:00] [ENABLE] 
[16:23:29.9460-07:00] [DOCUMENT-ACCEPTED] Value : [50] - Type : [Bill] - Count : [100].
[16:23:30.4487-07:00] [ENABLE] 
[16:23:30.4707-07:00] [DOCUMENT-ACCEPTED] Value : [50] - Type : [Bill] - Count : [100].
[16:23:30.7695-07:00] [ENABLE] 
[16:23:30.8005-07:00] [DOCUMENT-ACCEPTED] Value : [50] - Type : [Bill] - Count : [100].
■■■■■■■■■■■■■■■■■■■■■■■■■■■■■■■■■■■■■■■■■■■■■■■■■■■■■■■■■■■■■■■■■■■■■■■■■■■■■■■■■■■■■■■■■■■■■■■■■■■■■■■■■■■■■■■■■■■■■■■■

http://www.lyfingenieria.com
Diseño e integracion de tecnolgias electronicas y de computo.
e-mail: benny@lopez-fernandez.com
CONTACTO:
Ofc: 6622603825
Cel: 6623000946
■■■■■■■■■■■■■■■■■■■■■■■■■■■■■■■■■■■■■■■■■■■■■■■■■■■■■■■■■■■■■■■■■■■■■■■■■■■■■■■■■■■■■■■■■■■■■■■■■■■■■■■■■■■■■■■■■■■■■■■■
[16:25:11.0417-07:00] [OPEN] 
[16:25:12.1529-07:00] [ACCEPTED-EVENT-ADD] 
[16:25:13.3302-07:00] [ENABLE] 
[16:25:13.3502-07:00] [STATUS-CHANGED] Enabled
[16:25:13.3692-07:00] [DOCUMENT-ACCEPTED] Value : [500] - Type : [Bill] - Count : [100].
[16:25:15.8091-07:00] [ENABLE] 
[16:25:15.8361-07:00] [DOCUMENT-ACCEPTED] Value : [200] - Type : [Bill] - Count : [100].
[16:25:16.9858-07:00] [ENABLE] 
[16:25:17.0038-07:00] [DOCUMENT-ACCEPTED] Value : [100] - Type : [Bill] - Count : [100].
[16:25:17.9453-07:00] [ENABLE] 
[16:25:17.9613-07:00] [DOCUMENT-ACCEPTED] Value : [50] - Type : [Bill] - Count : [100].
[16:25:19.5304-07:00] [ENABLE] 
[16:25:19.5554-07:00] [DOCUMENT-ACCEPTED] Value : [20] - Type : [Bill] - Count : [100].
[16:25:21.8725-07:00] [ENABLE] 
[16:25:21.8895-07:00] [DOCUMENT-ACCEPTED] Value : [10] - Type : [Coin] - Count : [100].
[16:25:22.9609-07:00] [ENABLE] 
[16:25:22.9798-07:00] [DOCUMENT-ACCEPTED] Value : [5] - Type : [Coin] - Count : [100].
[16:25:23.8653-07:00] [ENABLE] 
[16:25:23.8863-07:00] [DOCUMENT-ACCEPTED] Value : [2] - Type : [Coin] - Count : [100].
[16:25:24.6899-07:00] [ENABLE] 
[16:25:24.7179-07:00] [DOCUMENT-ACCEPTED] Value : [1] - Type : [Coin] - Count : [100].
[16:25:25.3685-07:00] [ENABLE] 
[16:25:25.3845-07:00] [DOCUMENT-ACCEPTED] Value : [0.5] - Type : [Coin] - Count : [100].
■■■■■■■■■■■■■■■■■■■■■■■■■■■■■■■■■■■■■■■■■■■■■■■■■■■■■■■■■■■■■■■■■■■■■■■■■■■■■■■■■■■■■■■■■■■■■■■■■■■■■■■■■■■■■■■■■■■■■■■■

http://www.lyfingenieria.com
Diseño e integracion de tecnolgias electronicas y de computo.
e-mail: benny@lopez-fernandez.com
CONTACTO:
Ofc: 6622603825
Cel: 6623000946
■■■■■■■■■■■■■■■■■■■■■■■■■■■■■■■■■■■■■■■■■■■■■■■■■■■■■■■■■■■■■■■■■■■■■■■■■■■■■■■■■■■■■■■■■■■■■■■■■■■■■■■■■■■■■■■■■■■■■■■■
[16:27:42.7923-07:00] [OPEN] 
[16:27:43.7697-07:00] [ACCEPTED-EVENT-ADD] 
[16:27:45.3058-07:00] [ENABLE] 
[16:27:45.3328-07:00] [STATUS-CHANGED] Enabled
[16:27:45.3598-07:00] [DOCUMENT-ACCEPTED] Value : [500] - Type : [Bill] - Count : [100].
[16:27:47.0818-07:00] [ENABLE] 
[16:27:47.1028-07:00] [DOCUMENT-ACCEPTED] Value : [200] - Type : [Bill] - Count : [100].
[16:27:48.5609-07:00] [ENABLE] 
[16:27:48.5819-07:00] [DOCUMENT-ACCEPTED] Value : [500] - Type : [Bill] - Count : [100].
■■■■■■■■■■■■■■■■■■■■■■■■■■■■■■■■■■■■■■■■■■■■■■■■■■■■■■■■■■■■■■■■■■■■■■■■■■■■■■■■■■■■■■■■■■■■■■■■■■■■■■■■■■■■■■■■■■■■■■■■

http://www.lyfingenieria.com
Diseño e integracion de tecnolgias electronicas y de computo.
e-mail: benny@lopez-fernandez.com
CONTACTO:
Ofc: 6622603825
Cel: 6623000946
■■■■■■■■■■■■■■■■■■■■■■■■■■■■■■■■■■■■■■■■■■■■■■■■■■■■■■■■■■■■■■■■■■■■■■■■■■■■■■■■■■■■■■■■■■■■■■■■■■■■■■■■■■■■■■■■■■■■■■■■
[16:30:01.2221-07:00] [OPEN] 
[16:30:01.3590-07:00] [ACCEPTED-EVENT-ADD] 
[16:30:02.4576-07:00] [ENABLE] 
[16:30:02.4756-07:00] [STATUS-CHANGED] Enabled
[16:30:02.4916-07:00] [DOCUMENT-ACCEPTED] Value : [500] - Type : [Bill] - Count : [100].
[16:30:03.1537-07:00] [ENABLE] 
[16:30:03.1677-07:00] [DOCUMENT-ACCEPTED] Value : [200] - Type : [Bill] - Count : [100].
[16:30:03.8093-07:00] [ENABLE] 
[16:30:03.8353-07:00] [DOCUMENT-ACCEPTED] Value : [100] - Type : [Bill] - Count : [100].
[16:30:04.3290-07:00] [ENABLE] 
[16:30:04.3500-07:00] [DOCUMENT-ACCEPTED] Value : [50] - Type : [Bill] - Count : [100].
[16:30:04.8897-07:00] [ENABLE] 
[16:30:04.9146-07:00] [DOCUMENT-ACCEPTED] Value : [20] - Type : [Bill] - Count : [100].
[16:30:05.6972-07:00] [ENABLE] 
[16:30:05.7152-07:00] [DOCUMENT-ACCEPTED] Value : [10] - Type : [Coin] - Count : [100].
[16:30:06.5847-07:00] [ENABLE] 
[16:30:06.5997-07:00] [DOCUMENT-ACCEPTED] Value : [5] - Type : [Coin] - Count : [100].
[16:30:07.5371-07:00] [ENABLE] 
[16:30:07.5621-07:00] [DOCUMENT-ACCEPTED] Value : [2] - Type : [Coin] - Count : [100].
[16:30:08.3287-07:00] [ENABLE] 
[16:30:08.3487-07:00] [DOCUMENT-ACCEPTED] Value : [1] - Type : [Coin] - Count : [100].
[16:30:09.8488-07:00] [ENABLE] 
[16:30:09.8638-07:00] [DOCUMENT-ACCEPTED] Value : [0.5] - Type : [Coin] - Count : [100].
■■■■■■■■■■■■■■■■■■■■■■■■■■■■■■■■■■■■■■■■■■■■■■■■■■■■■■■■■■■■■■■■■■■■■■■■■■■■■■■■■■■■■■■■■■■■■■■■■■■■■■■■■■■■■■■■■■■■■■■■

http://www.lyfingenieria.com
Diseño e integracion de tecnolgias electronicas y de computo.
e-mail: benny@lopez-fernandez.com
CONTACTO:
Ofc: 6622603825
Cel: 6623000946
■■■■■■■■■■■■■■■■■■■■■■■■■■■■■■■■■■■■■■■■■■■■■■■■■■■■■■■■■■■■■■■■■■■■■■■■■■■■■■■■■■■■■■■■■■■■■■■■■■■■■■■■■■■■■■■■■■■■■■■■
[16:30:28.1821-07:00] [OPEN] 
[16:30:28.2891-07:00] [ACCEPTED-EVENT-ADD] 
■■■■■■■■■■■■■■■■■■■■■■■■■■■■■■■■■■■■■■■■■■■■■■■■■■■■■■■■■■■■■■■■■■■■■■■■■■■■■■■■■■■■■■■■■■■■■■■■■■■■■■■■■■■■■■■■■■■■■■■■

http://www.lyfingenieria.com
Diseño e integracion de tecnolgias electronicas y de computo.
e-mail: benny@lopez-fernandez.com
CONTACTO:
Ofc: 6622603825
Cel: 6623000946
■■■■■■■■■■■■■■■■■■■■■■■■■■■■■■■■■■■■■■■■■■■■■■■■■■■■■■■■■■■■■■■■■■■■■■■■■■■■■■■■■■■■■■■■■■■■■■■■■■■■■■■■■■■■■■■■■■■■■■■■
[16:38:39.0125-07:00] [OPEN] 
[16:38:39.1344-07:00] [ACCEPTED-EVENT-ADD] 
[16:38:40.8094-07:00] [ENABLE] 
[16:38:40.8264-07:00] [STATUS-CHANGED] Enabled
[16:38:40.8504-07:00] [DOCUMENT-ACCEPTED] Value : [500] - Type : [Bill] - Count : [100].
[16:38:42.8973-07:00] [DISPENSE] Dispensed: XDR0.00, Requested: XDR499.55, Remaing: XDR499.55
■■■■■■■■■■■■■■■■■■■■■■■■■■■■■■■■■■■■■■■■■■■■■■■■■■■■■■■■■■■■■■■■■■■■■■■■■■■■■■■■■■■■■■■■■■■■■■■■■■■■■■■■■■■■■■■■■■■■■■■■

http://www.lyfingenieria.com
Diseño e integracion de tecnolgias electronicas y de computo.
e-mail: benny@lopez-fernandez.com
CONTACTO:
Ofc: 6622603825
Cel: 6623000946
■■■■■■■■■■■■■■■■■■■■■■■■■■■■■■■■■■■■■■■■■■■■■■■■■■■■■■■■■■■■■■■■■■■■■■■■■■■■■■■■■■■■■■■■■■■■■■■■■■■■■■■■■■■■■■■■■■■■■■■■
[16:39:02.4249-07:00] [OPEN] 
[16:39:02.5508-07:00] [ACCEPTED-EVENT-ADD] 
[16:39:04.3845-07:00] [ENABLE] 
[16:39:04.4095-07:00] [STATUS-CHANGED] Enabled
[16:39:04.4385-07:00] [DOCUMENT-ACCEPTED] Value : [100] - Type : [Bill] - Count : [100].
■■■■■■■■■■■■■■■■■■■■■■■■■■■■■■■■■■■■■■■■■■■■■■■■■■■■■■■■■■■■■■■■■■■■■■■■■■■■■■■■■■■■■■■■■■■■■■■■■■■■■■■■■■■■■■■■■■■■■■■■

http://www.lyfingenieria.com
Diseño e integracion de tecnolgias electronicas y de computo.
e-mail: benny@lopez-fernandez.com
CONTACTO:
Ofc: 6622603825
Cel: 6623000946
■■■■■■■■■■■■■■■■■■■■■■■■■■■■■■■■■■■■■■■■■■■■■■■■■■■■■■■■■■■■■■■■■■■■■■■■■■■■■■■■■■■■■■■■■■■■■■■■■■■■■■■■■■■■■■■■■■■■■■■■
[16:39:13.5403-07:00] [OPEN] 
[16:39:13.6632-07:00] [ACCEPTED-EVENT-ADD] 
[16:39:15.1535-07:00] [ENABLE] 
[16:39:15.1755-07:00] [STATUS-CHANGED] Enabled
[16:39:15.1915-07:00] [DOCUMENT-ACCEPTED] Value : [200] - Type : [Bill] - Count : [100].
[16:39:16.8222-07:00] [DISPENSE] Dispensed: XDR0.00, Requested: XDR176.55, Remaing: XDR176.55
